<?xml version="1.0" encoding="UTF-8"?>
<!-- Generated by org.testng.reporters.JUnitReportReporter -->
<testsuite skipped="0" hostname="Marufs-MacBook-Pro.local" name="TestNG.TestNGFeatures" tests="1" failures="0" timestamp="23 Sep 2018 16:09:07 GMT" time="0.001" errors="0">
  <testcase name="Logintest" time="0.001" classname="TestNG.TestNGFeatures"/>
</testsuite> <!-- TestNG.TestNGFeatures -->
