<?xml version="1.0" encoding="UTF-8"?>
<!-- Generated by org.testng.reporters.JUnitReportReporter -->
<testsuite skipped="0" hostname="Marufs-MacBook-Pro.local" name="TestNG.TestNG2" tests="3" failures="0" timestamp="09 Sep 2018 15:45:43 GMT" time="11.620" errors="0">
  <testcase name="Googlemailtitletest" time="6.397" classname="TestNG.TestNG2"/>
  <testcase name="Googletitletest" time="1.961" classname="TestNG.TestNG2"/>
  <testcase name="GoogleLogotest" time="3.262" classname="TestNG.TestNG2"/>
</testsuite> <!-- TestNG.TestNG2 -->
