<?xml version="1.0" encoding="UTF-8"?>
<!-- Generated by org.testng.reporters.JUnitReportReporter -->
<testsuite skipped="0" hostname="Marufs-MacBook-Pro.local" name="TestNG.TestNG1" tests="1" failures="0" timestamp="09 Sep 2018 01:50:58 GMT" time="0.007" errors="0">
  <testcase name="test1" time="0.007" classname="TestNG.TestNG1"/>
</testsuite> <!-- TestNG.TestNG1 -->
