<?xml version="1.0" encoding="UTF-8"?>
<!-- Generated by org.testng.reporters.JUnitReportReporter -->
<testsuite skipped="0" hostname="Marufs-MacBook-Pro.local" name="TestNG.InvocationcountTest" tests="10" failures="0" timestamp="23 Sep 2018 16:09:07 GMT" time="0.013" errors="0">
  <testcase name="sum" time="0.001" classname="TestNG.InvocationcountTest"/>
  <testcase name="sum" time="0.001" classname="TestNG.InvocationcountTest"/>
  <testcase name="sum" time="0.001" classname="TestNG.InvocationcountTest"/>
  <testcase name="sum" time="0.001" classname="TestNG.InvocationcountTest"/>
  <testcase name="sum" time="0.002" classname="TestNG.InvocationcountTest"/>
  <testcase name="sum" time="0.003" classname="TestNG.InvocationcountTest"/>
  <testcase name="sum" time="0.001" classname="TestNG.InvocationcountTest"/>
  <testcase name="sum" time="0.001" classname="TestNG.InvocationcountTest"/>
  <testcase name="sum" time="0.001" classname="TestNG.InvocationcountTest"/>
  <testcase name="sum" time="0.001" classname="TestNG.InvocationcountTest"/>
</testsuite> <!-- TestNG.InvocationcountTest -->
