<?xml version="1.0" encoding="UTF-8"?>
<!-- Generated by org.testng.reporters.JUnitReportReporter -->
<testsuite skipped="0" hostname="Marufs-MacBook-Pro.local" name="TestNG.GoogleTitleTest" tests="2" failures="0" timestamp="23 Sep 2018 16:09:07 GMT" time="5.901" errors="0">
  <testcase name="GoogleLogotest" time="3.229" classname="TestNG.GoogleTitleTest"/>
  <testcase name="Googletitletest" time="2.672" classname="TestNG.GoogleTitleTest"/>
</testsuite> <!-- TestNG.GoogleTitleTest -->
