<?xml version="1.0" encoding="UTF-8"?>
<!-- Generated by org.testng.reporters.JUnitReportReporter -->
<testsuite skipped="0" hostname="Marufs-MacBook-Pro.local" name="TestNG.GoogleTest" tests="3" failures="0" timestamp="23 Sep 2018 16:09:07 GMT" time="9.608" errors="0">
  <testcase name="test3" time="3.539" classname="TestNG.GoogleTest"/>
  <testcase name="test2" time="3.515" classname="TestNG.GoogleTest"/>
  <testcase name="test1" time="2.554" classname="TestNG.GoogleTest"/>
</testsuite> <!-- TestNG.GoogleTest -->
